Flow report for spi_module
Wed Jan 17 11:43:47 2024
Quartus Prime Version 17.1.1 Internal Build 593 12/11/2017 SJ Standard Edition


---------------------
; Table of Contents ;
---------------------
  1. Legal Notice
  2. Flow Summary
  3. Flow Settings
  4. Flow Non-Default Global Settings
  5. Flow Elapsed Time
  6. Flow OS Summary
  7. Flow Log
  8. Flow Messages
  9. Flow Suppressed Messages



----------------
; Legal Notice ;
----------------
Copyright (C) 2017  Intel Corporation. All rights reserved.
Your use of Intel Corporation's design tools, logic functions 
and other software and tools, and its AMPP partner logic 
functions, and any output files from any of the foregoing 
(including device programming or simulation files), and any 
associated documentation or information are expressly subject 
to the terms and conditions of the Intel Program License 
Subscription Agreement, the Intel Quartus Prime License Agreement,
the Intel FPGA IP License Agreement, or other applicable license
agreement, including, without limitation, that your use is for
the sole purpose of programming logic devices manufactured by
Intel and sold by Intel or its authorized distributors.  Please
refer to the applicable agreement for further details.



+--------------------------------------------------------------------------------------------+
; Flow Summary                                                                               ;
+---------------------------------+----------------------------------------------------------+
; Flow Status                     ; Successful - Wed Jan 17 11:43:34 2024                    ;
; Quartus Prime Version           ; 17.1.1 Internal Build 593 12/11/2017 SJ Standard Edition ;
; Revision Name                   ; spi_module                                               ;
; Top-level Entity Name           ; spi_module                                               ;
; Family                          ; Cyclone V                                                ;
; Device                          ; 5CGXFC7C7F23C8                                           ;
; Timing Models                   ; Final                                                    ;
; Logic utilization (in ALMs)     ; 17 / 56,480 ( < 1 % )                                    ;
; Total registers                 ; 21                                                       ;
; Total pins                      ; 18 / 268 ( 7 % )                                         ;
; Total virtual pins              ; 0                                                        ;
; Total block memory bits         ; 0 / 7,024,640 ( 0 % )                                    ;
; Total DSP Blocks                ; 0 / 156 ( 0 % )                                          ;
; Total HSSI RX PCSs              ; 0 / 6 ( 0 % )                                            ;
; Total HSSI PMA RX Deserializers ; 0 / 6 ( 0 % )                                            ;
; Total HSSI TX PCSs              ; 0 / 6 ( 0 % )                                            ;
; Total HSSI PMA TX Serializers   ; 0 / 6 ( 0 % )                                            ;
; Total PLLs                      ; 0 / 13 ( 0 % )                                           ;
; Total DLLs                      ; 0 / 4 ( 0 % )                                            ;
+---------------------------------+----------------------------------------------------------+


+-----------------------------------------+
; Flow Settings                           ;
+-------------------+---------------------+
; Option            ; Setting             ;
+-------------------+---------------------+
; Start date & time ; 01/17/2024 11:41:53 ;
; Main task         ; Compilation         ;
; Revision Name     ; spi_module          ;
+-------------------+---------------------+


+-------------------------------------------------------------------------------------------------------------------------+
; Flow Non-Default Global Settings                                                                                        ;
+-------------------------------------+----------------------------------------+---------------+-------------+------------+
; Assignment Name                     ; Value                                  ; Default Value ; Entity Name ; Section Id ;
+-------------------------------------+----------------------------------------+---------------+-------------+------------+
; COMPILER_SIGNATURE_ID               ; 238338872443113.170548091313876        ; --            ; --          ; --         ;
; MAX_CORE_JUNCTION_TEMP              ; 85                                     ; --            ; --          ; --         ;
; MIN_CORE_JUNCTION_TEMP              ; 0                                      ; --            ; --          ; --         ;
; PARTITION_COLOR                     ; -- (Not supported for targeted family) ; --            ; --          ; Top        ;
; PARTITION_FITTER_PRESERVATION_LEVEL ; -- (Not supported for targeted family) ; --            ; --          ; Top        ;
; PARTITION_NETLIST_TYPE              ; -- (Not supported for targeted family) ; --            ; --          ; Top        ;
; POWER_BOARD_THERMAL_MODEL           ; None (CONSERVATIVE)                    ; --            ; --          ; --         ;
; POWER_PRESET_COOLING_SOLUTION       ; 23 MM HEAT SINK WITH 200 LFPM AIRFLOW  ; --            ; --          ; --         ;
+-------------------------------------+----------------------------------------+---------------+-------------+------------+


+-------------------------------------------------------------------------------------------------------------------------------+
; Flow Elapsed Time                                                                                                             ;
+---------------------------+--------------+-------------------------+---------------------+------------------------------------+
; Module Name               ; Elapsed Time ; Average Processors Used ; Peak Virtual Memory ; Total CPU Time (on all processors) ;
+---------------------------+--------------+-------------------------+---------------------+------------------------------------+
; Analysis & Synthesis      ; 00:00:22     ; 1.0                     ; 4799 MB             ; 00:00:45                           ;
; Fitter                    ; 00:01:05     ; 1.0                     ; 6452 MB             ; 00:01:46                           ;
; Assembler                 ; 00:00:12     ; 1.0                     ; 4826 MB             ; 00:00:12                           ;
; TimeQuest Timing Analyzer ; 00:00:11     ; 1.0                     ; 5158 MB             ; 00:00:11                           ;
; Total                     ; 00:01:50     ; --                      ; --                  ; 00:02:54                           ;
+---------------------------+--------------+-------------------------+---------------------+------------------------------------+


+-----------------------------------------------------------------------------------------+
; Flow OS Summary                                                                         ;
+---------------------------+------------------+------------+------------+----------------+
; Module Name               ; Machine Hostname ; OS Name    ; OS Version ; Processor type ;
+---------------------------+------------------+------------+------------+----------------+
; Analysis & Synthesis      ; LAPTOP-FR94IH54  ; Windows 10 ; 10.0       ; x86_64         ;
; Fitter                    ; LAPTOP-FR94IH54  ; Windows 10 ; 10.0       ; x86_64         ;
; Assembler                 ; LAPTOP-FR94IH54  ; Windows 10 ; 10.0       ; x86_64         ;
; TimeQuest Timing Analyzer ; LAPTOP-FR94IH54  ; Windows 10 ; 10.0       ; x86_64         ;
+---------------------------+------------------+------------+------------+----------------+


------------
; Flow Log ;
------------
quartus_map --read_settings_files=on --write_settings_files=off spi_module -c spi_module
quartus_fit --read_settings_files=off --write_settings_files=off spi_module -c spi_module
quartus_asm --read_settings_files=off --write_settings_files=off spi_module -c spi_module
quartus_sta spi_module -c spi_module



