# do {testbench_compile.do}
# ** Warning: (vlib-34) Library already exists at "modelsim_lib/work".
# ** Warning: (vlib-34) Library already exists at "modelsim_lib/msim".
# ** Warning: (vlib-34) Library already exists at "modelsim_lib/msim/xil_defaultlib".
# Model Technology ModelSim SE-64 vmap 10.6d Lib Mapping Utility 2018.02 Feb 24 2018
# vmap xil_defaultlib modelsim_lib/msim/xil_defaultlib 
# Modifying modelsim.ini
# Model Technology ModelSim SE-64 vlog 10.6d Compiler 2018.02 Feb 24 2018
# Start time: 14:39:03 on Jan 29,2024
# vlog -incr -mfcu -sv -work xil_defaultlib ..srcLVDS_capture.sv ..	b	estbench.sv 
# ** Error: (vlog-7) Failed to open design unit file "..srcLVDS_capture.sv" in read mode.
# No such file or directory. (errno = ENOENT)
# End time: 14:39:04 on Jan 29,2024, Elapsed time: 0:00:01
# Errors: 1, Warnings: 0
# ** Error: C:/Users/User/Desktop/BABR_co/MSIM/win64/vlog failed.
# Error in macro ./testbench_compile.do line 19
# C:/Users/User/Desktop/BABR_co/MSIM/win64/vlog failed.
#     while executing
# "vlog  -incr -mfcu -sv -work xil_defaultlib  \
# "..\src\LVDS_capture.sv" \
# "..\tb\testbench.sv" \
# "
