Copyright 1986-2018 Xilinx, Inc. All Rights Reserved.
-------------------------------------------------------------------------------------------------------------
| Tool Version : Vivado v.2018.1 (win64) Build 2188600 Wed Apr  4 18:40:38 MDT 2018
| Date         : Wed Mar 20 10:03:07 2024
| Host         : ws2104201823 running 64-bit major release  (build 9200)
| Command      : report_utilization -file cometicus_utilization_synth.rpt -pb cometicus_utilization_synth.pb
| Design       : cometicus
| Device       : 7z045fbg676-2
| Design State : Synthesized
-------------------------------------------------------------------------------------------------------------

Utilization Design Information

Table of Contents
-----------------
1. Slice Logic
1.1 Summary of Registers by Type
2. Memory
3. DSP
4. IO and GT Specific
5. Clocking
6. Specific Feature
7. Primitives
8. Black Boxes
9. Instantiated Netlists

1. Slice Logic
--------------

+----------------------------+-------+-------+-----------+-------+
|          Site Type         |  Used | Fixed | Available | Util% |
+----------------------------+-------+-------+-----------+-------+
| Slice LUTs*                | 11507 |     0 |    218600 |  5.26 |
|   LUT as Logic             | 11383 |     0 |    218600 |  5.21 |
|   LUT as Memory            |   124 |     0 |     70400 |  0.18 |
|     LUT as Distributed RAM |    52 |     0 |           |       |
|     LUT as Shift Register  |    72 |     0 |           |       |
| Slice Registers            | 17702 |     0 |    437200 |  4.05 |
|   Register as Flip Flop    | 17702 |     0 |    437200 |  4.05 |
|   Register as Latch        |     0 |     0 |    437200 |  0.00 |
| F7 Muxes                   |   425 |     0 |    109300 |  0.39 |
| F8 Muxes                   |   198 |     0 |     54650 |  0.36 |
+----------------------------+-------+-------+-----------+-------+
* Warning! The Final LUT count, after physical optimizations and full implementation, is typically lower. Run opt_design after synthesis, if not already completed, for a more realistic count.


1.1 Summary of Registers by Type
--------------------------------

+-------+--------------+-------------+--------------+
| Total | Clock Enable | Synchronous | Asynchronous |
+-------+--------------+-------------+--------------+
| 0     |            _ |           - |            - |
| 0     |            _ |           - |          Set |
| 0     |            _ |           - |        Reset |
| 0     |            _ |         Set |            - |
| 0     |            _ |       Reset |            - |
| 0     |          Yes |           - |            - |
| 6     |          Yes |           - |          Set |
| 112   |          Yes |           - |        Reset |
| 1173  |          Yes |         Set |            - |
| 16411 |          Yes |       Reset |            - |
+-------+--------------+-------------+--------------+


2. Memory
---------

+-------------------+-------+-------+-----------+-------+
|     Site Type     |  Used | Fixed | Available | Util% |
+-------------------+-------+-------+-----------+-------+
| Block RAM Tile    | 104.5 |     0 |       545 | 19.17 |
|   RAMB36/FIFO*    |    99 |     0 |       545 | 18.17 |
|     RAMB36E1 only |    99 |       |           |       |
|   RAMB18          |    11 |     0 |      1090 |  1.01 |
|     RAMB18E1 only |    11 |       |           |       |
+-------------------+-------+-------+-----------+-------+
* Note: Each Block RAM Tile only has one FIFO logic available and therefore can accommodate only one FIFO36E1 or one FIFO18E1. However, if a FIFO18E1 occupies a Block RAM Tile, that tile can still accommodate a RAMB18E1


3. DSP
------

+----------------+------+-------+-----------+-------+
|    Site Type   | Used | Fixed | Available | Util% |
+----------------+------+-------+-----------+-------+
| DSPs           |    6 |     0 |       900 |  0.67 |
|   DSP48E1 only |    6 |       |           |       |
+----------------+------+-------+-----------+-------+


4. IO and GT Specific
---------------------

+-----------------------------+------+-------+-----------+-------+
|          Site Type          | Used | Fixed | Available | Util% |
+-----------------------------+------+-------+-----------+-------+
| Bonded IOB                  |   86 |     0 |       250 | 34.40 |
| Bonded IPADs                |    0 |     0 |        26 |  0.00 |
| Bonded OPADs                |    0 |     0 |        16 |  0.00 |
| Bonded IOPADs               |    0 |     0 |       130 |  0.00 |
| PHY_CONTROL                 |    0 |     0 |         8 |  0.00 |
| PHASER_REF                  |    0 |     0 |         8 |  0.00 |
| OUT_FIFO                    |    0 |     0 |        32 |  0.00 |
| IN_FIFO                     |    0 |     0 |        32 |  0.00 |
| IDELAYCTRL                  |    1 |     0 |         8 | 12.50 |
| IBUFDS                      |   14 |     0 |       240 |  5.83 |
| GTXE2_COMMON                |    0 |     0 |         2 |  0.00 |
| GTXE2_CHANNEL               |    0 |     0 |         8 |  0.00 |
| PHASER_OUT/PHASER_OUT_PHY   |    0 |     0 |        32 |  0.00 |
| PHASER_IN/PHASER_IN_PHY     |    0 |     0 |        32 |  0.00 |
| IDELAYE2/IDELAYE2_FINEDELAY |   10 |     0 |       400 |  2.50 |
|   IDELAYE2 only             |   10 |     0 |           |       |
| ODELAYE2/ODELAYE2_FINEDELAY |    0 |     0 |       150 |  0.00 |
| IBUFDS_GTE2                 |    0 |     0 |         4 |  0.00 |
| ILOGIC                      |   27 |     0 |       250 | 10.80 |
|   ISERDES                   |   10 |       |           |       |
|   IDDR                      |   17 |       |           |       |
| OLOGIC                      |    2 |     0 |       250 |  0.80 |
|   ODDR                      |    2 |       |           |       |
+-----------------------------+------+-------+-----------+-------+


5. Clocking
-----------

+--------------+------+-------+-----------+-------+
|   Site Type  | Used | Fixed | Available | Util% |
+--------------+------+-------+-----------+-------+
| BUFGCTRL     |    8 |     0 |        32 | 25.00 |
| BUFIO        |    1 |     0 |        32 |  3.13 |
|   BUFIO only |    1 |     0 |           |       |
| MMCME2_ADV   |    1 |     0 |         8 | 12.50 |
| PLLE2_ADV    |    0 |     0 |         8 |  0.00 |
| BUFMRCE      |    0 |     0 |        16 |  0.00 |
| BUFHCE       |    0 |     0 |       168 |  0.00 |
| BUFR         |    2 |     0 |        32 |  6.25 |
+--------------+------+-------+-----------+-------+


6. Specific Feature
-------------------

+-------------+------+-------+-----------+-------+
|  Site Type  | Used | Fixed | Available | Util% |
+-------------+------+-------+-----------+-------+
| BSCANE2     |    0 |     0 |         4 |  0.00 |
| CAPTUREE2   |    0 |     0 |         1 |  0.00 |
| DNA_PORT    |    0 |     0 |         1 |  0.00 |
| EFUSE_USR   |    0 |     0 |         1 |  0.00 |
| FRAME_ECCE2 |    0 |     0 |         1 |  0.00 |
| ICAPE2      |    0 |     0 |         2 |  0.00 |
| PCIE_2_1    |    0 |     0 |         1 |  0.00 |
| STARTUPE2   |    0 |     0 |         1 |  0.00 |
| XADC        |    0 |     0 |         1 |  0.00 |
+-------------+------+-------+-----------+-------+


7. Primitives
-------------

+------------+-------+---------------------+
|  Ref Name  |  Used | Functional Category |
+------------+-------+---------------------+
| FDRE       | 16411 |        Flop & Latch |
| LUT6       |  4645 |                 LUT |
| LUT3       |  3312 |                 LUT |
| LUT2       |  1811 |                 LUT |
| LUT5       |  1257 |                 LUT |
| LUT4       |  1191 |                 LUT |
| FDSE       |  1173 |        Flop & Latch |
| CARRY4     |   845 |          CarryLogic |
| MUXF7      |   425 |               MuxFx |
| LUT1       |   355 |                 LUT |
| MUXF8      |   198 |               MuxFx |
| FDCE       |   112 |        Flop & Latch |
| RAMB36E1   |    99 |        Block Memory |
| RAMD32     |    76 |  Distributed Memory |
| SRL16E     |    70 |  Distributed Memory |
| OBUF       |    32 |                  IO |
| RAMS32     |    24 |  Distributed Memory |
| IBUF       |    24 |                  IO |
| IDDR       |    17 |                  IO |
| IBUFDS     |    14 |                  IO |
| RAMB18E1   |    11 |        Block Memory |
| ISERDESE2  |    10 |                  IO |
| IDELAYE2   |    10 |                  IO |
| BUFG       |     7 |               Clock |
| FDPE       |     6 |        Flop & Latch |
| DSP48E1    |     6 |    Block Arithmetic |
| OBUFT      |     3 |                  IO |
| SRLC32E    |     2 |  Distributed Memory |
| ODDR       |     2 |                  IO |
| BUFR       |     2 |               Clock |
| OBUFDS     |     1 |                  IO |
| MMCME2_ADV |     1 |               Clock |
| IDELAYCTRL |     1 |                  IO |
| BUFIO      |     1 |               Clock |
| BUFGCTRL   |     1 |               Clock |
+------------+-------+---------------------+


8. Black Boxes
--------------

+-------------------------------+------+
|            Ref Name           | Used |
+-------------------------------+------+
| zynq_processing_system7_0_0_0 |    1 |
+-------------------------------+------+


9. Instantiated Netlists
------------------------

+----------+------+
| Ref Name | Used |
+----------+------+


